2025-06-29 20:12:50 [INFO]: 	MongoDB connected successfully
2025-06-29 20:12:50 [INFO]: 	MongoDB Connected: localhost
2025-06-29 20:12:50 [INFO]: 	MongoDB connected
2025-06-29 20:12:50 [INFO]: 	Server running on port 3000 in development mode
2025-06-29 20:12:50 [ERROR]: Error: getaddrinfo ENOTFOUND smtp.example.com
    at GetAddrInfoReqWrap.onlookupall [as oncomplete] (node:dns:122:26)
2025-06-29 20:13:00 [INFO]: 	MongoDB connected successfully
2025-06-29 20:13:00 [INFO]: 	MongoDB Connected: localhost
2025-06-29 20:13:00 [INFO]: 	MongoDB connected
2025-06-29 20:13:00 [INFO]: 	Server running on port 3000 in development mode
2025-06-29 20:13:00 [ERROR]: Error: getaddrinfo ENOTFOUND smtp.example.com
    at GetAddrInfoReqWrap.onlookupall [as oncomplete] (node:dns:122:26)
2025-06-29 20:14:09 [INFO]: 	MongoDB connected successfully
2025-06-29 20:14:09 [INFO]: 	MongoDB Connected: localhost
2025-06-29 20:14:09 [INFO]: 	MongoDB connected
2025-06-29 20:14:09 [INFO]: 	Server running on port 3000 in development mode
2025-06-29 20:14:09 [ERROR]: Error: getaddrinfo ENOTFOUND smtp.example.com
    at GetAddrInfoReqWrap.onlookupall [as oncomplete] (node:dns:122:26)
2025-06-29 20:15:15 [INFO]: 	MongoDB connected successfully
2025-06-29 20:15:15 [INFO]: 	MongoDB Connected: localhost
2025-06-29 20:15:15 [INFO]: 	MongoDB connected
2025-06-29 20:15:15 [INFO]: 	Server running on port 3000 in development mode
2025-06-29 20:15:15 [ERROR]: Error: getaddrinfo ENOTFOUND smtp.example.com
    at GetAddrInfoReqWrap.onlookupall [as oncomplete] (node:dns:122:26)
2025-06-29 20:15:15 [ERROR]: Error: Failed to connect to email server
    at EmailService.verifyConnection (E:\Working\Fintex\backend\src\services\email.service.js:57:13)
2025-06-29 20:42:53 [WARN]: 	MongoDB disconnected
2025-06-29 20:43:02 [INFO]: 	MongoDB connected successfully
2025-06-29 20:43:02 [INFO]: 	MongoDB Connected: localhost
2025-06-29 20:43:02 [INFO]: 	MongoDB connected
2025-06-29 20:43:02 [INFO]: 	Server running on port 3000 in development mode
2025-06-29 20:43:02 [ERROR]: Error: getaddrinfo ENOTFOUND smtp.example.com
    at GetAddrInfoReqWrap.onlookupall [as oncomplete] (node:dns:122:26)
2025-06-29 20:43:02 [ERROR]: Error: Failed to connect to email server
    at EmailService.verifyConnection (E:\Working\Fintex\backend\src\services\email.service.js:57:13)
2025-06-29 22:28:04 [INFO]: 	MongoDB connected successfully
2025-06-29 22:28:04 [INFO]: 	MongoDB Connected: localhost
2025-06-29 22:28:04 [INFO]: 	MongoDB connected
2025-06-29 22:28:04 [INFO]: 	Server running on port 3000 in development mode
2025-06-29 22:28:07 [INFO]: 	Email server is ready to send messages
2025-06-29 22:34:06 [INFO]: 	MongoDB connected successfully
2025-06-29 22:34:06 [INFO]: 	MongoDB Connected: localhost
2025-06-29 22:34:06 [INFO]: 	MongoDB connected
2025-06-29 22:34:06 [INFO]: 	Server running on port 5000 in development mode
2025-06-29 22:34:09 [INFO]: 	Email server is ready to send messages
2025-06-29 22:35:46 [INFO]: 	MongoDB connected successfully
2025-06-29 22:35:46 [INFO]: 	MongoDB Connected: localhost
2025-06-29 22:35:46 [INFO]: 	MongoDB connected
2025-06-29 22:35:46 [INFO]: 	Server running on port 5000 in development mode
2025-06-29 22:35:48 [INFO]: 	Email server is ready to send messages
2025-06-29 22:36:13 [INFO]: 	MongoDB connected successfully
2025-06-29 22:36:13 [INFO]: 	MongoDB Connected: localhost
2025-06-29 22:36:13 [INFO]: 	MongoDB connected
2025-06-29 22:36:13 [INFO]: 	Server running on port 5000 in development mode
2025-06-29 22:36:15 [INFO]: 	Email server is ready to send messages
2025-06-29 22:36:22 [INFO]: 	MongoDB connected successfully
2025-06-29 22:36:22 [INFO]: 	MongoDB Connected: localhost
2025-06-29 22:36:22 [INFO]: 	MongoDB connected
2025-06-29 22:36:22 [INFO]: 	Server running on port 5000 in development mode
2025-06-29 22:36:25 [INFO]: 	Email server is ready to send messages
2025-06-29 22:39:24 [INFO]: 	MongoDB connected successfully
2025-06-29 22:39:24 [INFO]: 	MongoDB Connected: localhost
2025-06-29 22:39:24 [INFO]: 	MongoDB connected
2025-06-29 22:39:24 [INFO]: 	Server running on port 5000 in development mode
2025-06-29 22:39:26 [INFO]: 	Email server is ready to send messages
2025-06-29 23:06:33 [INFO]: 	MongoDB connected successfully
2025-06-29 23:06:33 [INFO]: 	MongoDB Connected: localhost
2025-06-29 23:06:33 [INFO]: 	MongoDB connected
2025-06-29 23:06:33 [INFO]: 	Server running on port 5000 in development mode
2025-06-29 23:06:36 [INFO]: 	Email server is ready to send messages
2025-06-29 23:08:05 [INFO]: 	Connected to MongoDB for admin initialization
2025-06-29 23:08:06 [INFO]: 	Admin user created successfully
2025-06-29 23:09:43 [INFO]: 	MongoDB connected successfully
2025-06-29 23:09:43 [INFO]: 	MongoDB Connected: localhost
2025-06-29 23:09:43 [INFO]: 	MongoDB connected
2025-06-29 23:09:43 [INFO]: 	Server running on port 5000 in development mode
2025-06-29 23:09:46 [INFO]: 	Email server is ready to send messages
2025-06-29 23:13:56 [INFO]: 	::1 - - [29/Jun/2025:17:43:56 +0000] "POST /api/v1/auth/login HTTP/1.1" 404 52 "-" "PostmanRuntime/7.44.1"
2025-06-29 23:15:01 [INFO]: 	::1 - - [29/Jun/2025:17:45:01 +0000] "POST /api/v1/auth/login HTTP/1.1" 404 52 "-" "PostmanRuntime/7.44.1"
2025-06-29 23:18:49 [INFO]: 	MongoDB connected successfully
2025-06-29 23:18:49 [INFO]: 	MongoDB Connected: localhost
2025-06-29 23:18:49 [INFO]: 	MongoDB connected
2025-06-29 23:18:49 [INFO]: 	Server running on port 5000 in development mode
2025-06-29 23:18:51 [INFO]: 	Email server is ready to send messages
2025-06-29 23:18:57 [INFO]: 	::1 - - [29/Jun/2025:17:48:57 +0000] "GET /api/v1/health HTTP/1.1" 404 52 "-" "PostmanRuntime/7.44.1"
2025-06-29 23:19:33 [INFO]: 	::1 - - [29/Jun/2025:17:49:33 +0000] "POST /api/v1/auth/login HTTP/1.1" 404 52 "-" "PostmanRuntime/7.44.1"
2025-06-29 23:20:20 [INFO]: 	MongoDB connected successfully
2025-06-29 23:20:20 [INFO]: 	MongoDB Connected: localhost
2025-06-29 23:20:20 [INFO]: 	MongoDB connected
2025-06-29 23:20:20 [INFO]: 	Server running on port 5000 in development mode
2025-06-29 23:20:22 [INFO]: 	Email server is ready to send messages
2025-06-29 23:20:32 [ERROR]: Error: secretOrPrivateKey must have a value
    at module.exports [as sign] (E:\Working\Fintex\backend\node_modules\jsonwebtoken\sign.js:111:20)
    at generateRefreshToken (E:\Working\Fintex\backend\src\controllers\auth.controller.js:51:14)
    at Object.login (E:\Working\Fintex\backend\src\controllers\auth.controller.js:193:24)
    at process.processTicksAndRejections (node:internal/process/task_queues:105:5)
2025-06-29 23:20:32 [INFO]: 	::1 - - [29/Jun/2025:17:50:32 +0000] "POST /api/v1/auth/login HTTP/1.1" 500 508 "-" "PostmanRuntime/7.44.1"
2025-06-29 23:20:58 [INFO]: 	::1 - - [29/Jun/2025:17:50:58 +0000] "GET /api/v1/health HTTP/1.1" 404 52 "-" "PostmanRuntime/7.44.1"
2025-06-29 23:21:41 [ERROR]: Error: secretOrPrivateKey must have a value
    at module.exports [as sign] (E:\Working\Fintex\backend\node_modules\jsonwebtoken\sign.js:111:20)
    at generateRefreshToken (E:\Working\Fintex\backend\src\controllers\auth.controller.js:51:14)
    at Object.login (E:\Working\Fintex\backend\src\controllers\auth.controller.js:193:24)
    at process.processTicksAndRejections (node:internal/process/task_queues:105:5)
2025-06-29 23:21:41 [INFO]: 	::1 - - [29/Jun/2025:17:51:41 +0000] "POST /api/v1/auth/login HTTP/1.1" 500 508 "-" "PostmanRuntime/7.44.1"
2025-06-29 23:23:24 [INFO]: 	MongoDB connected successfully
2025-06-29 23:23:24 [INFO]: 	MongoDB Connected: localhost
2025-06-29 23:23:24 [INFO]: 	MongoDB connected
2025-06-29 23:23:24 [INFO]: 	Server running on port 5000 in development mode
2025-06-29 23:23:26 [INFO]: 	Email server is ready to send messages
2025-06-29 23:23:32 [INFO]: 	::1 - - [29/Jun/2025:17:53:32 +0000] "GET /api/v1/health HTTP/1.1" 404 52 "-" "PostmanRuntime/7.44.1"
2025-06-29 23:23:40 [ERROR]: Error: secretOrPrivateKey must have a value
    at module.exports [as sign] (E:\Working\Fintex\backend\node_modules\jsonwebtoken\sign.js:111:20)
    at generateRefreshToken (E:\Working\Fintex\backend\src\controllers\auth.controller.js:51:14)
    at Object.login (E:\Working\Fintex\backend\src\controllers\auth.controller.js:193:24)
    at process.processTicksAndRejections (node:internal/process/task_queues:105:5)
2025-06-29 23:23:40 [INFO]: 	::1 - - [29/Jun/2025:17:53:40 +0000] "POST /api/v1/auth/login HTTP/1.1" 500 508 "-" "PostmanRuntime/7.44.1"
2025-06-29 23:24:30 [INFO]: 	MongoDB connected successfully
2025-06-29 23:24:30 [INFO]: 	MongoDB Connected: localhost
2025-06-29 23:24:30 [INFO]: 	MongoDB connected
2025-06-29 23:24:30 [INFO]: 	Server running on port 5000 in development mode
2025-06-29 23:24:32 [INFO]: 	Email server is ready to send messages
2025-06-29 23:24:57 [INFO]: 	MongoDB connected successfully
2025-06-29 23:24:57 [INFO]: 	MongoDB Connected: localhost
2025-06-29 23:24:57 [INFO]: 	MongoDB connected
2025-06-29 23:24:57 [INFO]: 	Server running on port 5000 in development mode
2025-06-29 23:24:59 [INFO]: 	Email server is ready to send messages
2025-06-29 23:25:15 [INFO]: 	::1 - - [29/Jun/2025:17:55:15 +0000] "POST /api/v1/auth/login HTTP/1.1" 200 1377 "-" "PostmanRuntime/7.44.1"
